app/build/outputs/logs/manifest-merger-debug-report.txt
-- Merging decision tree log ---
manifest
ADDED from src\main\AndroidManifest.xml:2:1-158:12
	package
		ADDED from src\main\AndroidManifest.xml:3:5-38
		INJECTED from src\main\AndroidManifest.xml
		INJECTED from src\main\AndroidManifest.xml
	android:versionName
		ADDED from src\main\AndroidManifest.xml:6:5-30
		INJECTED from src\main\AndroidManifest.xml
		INJECTED from src\main\AndroidManifest.xml
	android:versionCode
		ADDED from src\main\AndroidManifest.xml:5:5-28
		INJECTED from src\main\AndroidManifest.xml
		INJECTED from src\main\AndroidManifest.xml
	xmlns:android
		ADDED from src\main\AndroidManifest.xml:2:11-69
	android:installLocation
		ADDED from src\main\AndroidManifest.xml:4:5-35
uses-sdk
ADDED from src\main\AndroidManifest.xml:8:5-10:41
MERGED from [com.android.support:support-v4:21.0.3] AndroidManifest.xml:15:5-42
	android:targetSdkVersion
		ADDED from src\main\AndroidManifest.xml:10:9-38
		INJECTED from src\main\AndroidManifest.xml
		INJECTED from src\main\AndroidManifest.xml
	android:minSdkVersion
		ADDED from src\main\AndroidManifest.xml:9:9-34
		INJECTED from src\main\AndroidManifest.xml
		INJECTED from src\main\AndroidManifest.xml
uses-permission#android.permission.INTERNET
ADDED from src\main\AndroidManifest.xml:12:5-67
	android:name
		ADDED from src\main\AndroidManifest.xml:12:22-64
uses-permission#android.permission.ACCESS_NETWORK_STATE
ADDED from src\main\AndroidManifest.xml:13:5-79
	android:name
		ADDED from src\main\AndroidManifest.xml:13:22-76
uses-permission#android.permission.MOUNT_UNMOUNT_FILESYSTEMS
ADDED from src\main\AndroidManifest.xml:14:5-84
	android:name
		ADDED from src\main\AndroidManifest.xml:14:22-81
uses-permission#android.permission.WRITE_EXTERNAL_STORAGE
ADDED from src\main\AndroidManifest.xml:15:5-81
	android:name
		ADDED from src\main\AndroidManifest.xml:15:22-78
uses-permission#android.permission.RECORD_AUDIO
ADDED from src\main\AndroidManifest.xml:16:5-71
	android:name
		ADDED from src\main\AndroidManifest.xml:16:22-68
uses-permission#android.permission.CAMERA
ADDED from src\main\AndroidManifest.xml:17:5-65
	android:name
		ADDED from src\main\AndroidManifest.xml:17:22-62
uses-permission#android.permission.ACCESS_COARSE_LOCATION
ADDED from src\main\AndroidManifest.xml:18:5-81
	android:name
		ADDED from src\main\AndroidManifest.xml:18:22-78
uses-permission#android.permission.ACCESS_FINE_LOCATION
ADDED from src\main\AndroidManifest.xml:19:5-79
	android:name
		ADDED from src\main\AndroidManifest.xml:19:22-76
uses-permission#android.permission.ACCESS_WIFI_STATE
ADDED from src\main\AndroidManifest.xml:20:5-76
	android:name
		ADDED from src\main\AndroidManifest.xml:20:22-73
uses-permission#android.permission.CHANGE_WIFI_STATE
ADDED from src\main\AndroidManifest.xml:21:5-76
	android:name
		ADDED from src\main\AndroidManifest.xml:21:22-73
uses-permission#android.permission.READ_PHONE_STATE
ADDED from src\main\AndroidManifest.xml:22:5-75
	android:name
		ADDED from src\main\AndroidManifest.xml:22:22-72
uses-permission#android.permission.READ_LOGS
ADDED from src\main\AndroidManifest.xml:24:5-68
	android:name
		ADDED from src\main\AndroidManifest.xml:24:22-65
uses-permission#android.permission.VIBRATE
ADDED from src\main\AndroidManifest.xml:25:5-66
	android:name
		ADDED from src\main\AndroidManifest.xml:25:22-63
uses-permission#android.permission.WAKE_LOCK
ADDED from src\main\AndroidManifest.xml:26:5-68
	android:name
		ADDED from src\main\AndroidManifest.xml:26:22-65
uses-permission#android.permission.WRITE_SETTINGS
ADDED from src\main\AndroidManifest.xml:27:5-73
	android:name
		ADDED from src\main\AndroidManifest.xml:27:22-70
supports-screens
ADDED from src\main\AndroidManifest.xml:29:5-34:39
	android:largeScreens
		ADDED from src\main\AndroidManifest.xml:31:9-36
	android:smallScreens
		ADDED from src\main\AndroidManifest.xml:34:9-36
	android:normalScreens
		ADDED from src\main\AndroidManifest.xml:32:9-37
	android:resizeable
		ADDED from src\main\AndroidManifest.xml:33:9-34
	android:anyDensity
		ADDED from src\main\AndroidManifest.xml:30:9-34
application
ADDED from src\main\AndroidManifest.xml:36:5-156:19
MERGED from [com.android.support:support-v4:21.0.3] AndroidManifest.xml:16:5-19
	android:label
		ADDED from src\main\AndroidManifest.xml:40:9-41
	android:hardwareAccelerated
		ADDED from src\main\AndroidManifest.xml:38:9-44
	android:icon
		ADDED from src\main\AndroidManifest.xml:39:9-42
	android:largeHeap
		ADDED from src\main\AndroidManifest.xml:41:9-33
	android:theme
		ADDED from src\main\AndroidManifest.xml:42:9-41
	android:name
		ADDED from src\main\AndroidManifest.xml:37:9-63
activity#com.immomo.momo.android.activity.WelcomeActivity
ADDED from src\main\AndroidManifest.xml:43:9-51:20
	android:screenOrientation
		ADDED from src\main\AndroidManifest.xml:45:13-49
	android:name
		ADDED from src\main\AndroidManifest.xml:44:13-53
intent-filter#android.intent.action.MAIN+android.intent.category.LAUNCHER
ADDED from src\main\AndroidManifest.xml:46:13-50:29
action#android.intent.action.MAIN
ADDED from src\main\AndroidManifest.xml:47:17-69
	android:name
		ADDED from src\main\AndroidManifest.xml:47:25-66
category#android.intent.category.LAUNCHER
ADDED from src\main\AndroidManifest.xml:49:17-77
	android:name
		ADDED from src\main\AndroidManifest.xml:49:27-74
activity#com.immomo.momo.android.activity.AboutTabsActivity
ADDED from src\main\AndroidManifest.xml:52:9-55:20
	android:screenOrientation
		ADDED from src\main\AndroidManifest.xml:54:13-49
	android:name
		ADDED from src\main\AndroidManifest.xml:53:13-55
activity#com.immomo.momo.android.activity.AboutActivity
ADDED from src\main\AndroidManifest.xml:56:9-59:20
	android:screenOrientation
		ADDED from src\main\AndroidManifest.xml:58:13-49
	android:name
		ADDED from src\main\AndroidManifest.xml:57:13-51
activity#com.immomo.momo.android.activity.HelpActivity
ADDED from src\main\AndroidManifest.xml:60:9-63:20
	android:screenOrientation
		ADDED from src\main\AndroidManifest.xml:62:13-49
	android:name
		ADDED from src\main\AndroidManifest.xml:61:13-50
activity#com.immomo.momo.android.activity.ProtocolActivity
ADDED from src\main\AndroidManifest.xml:64:9-67:20
	android:screenOrientation
		ADDED from src\main\AndroidManifest.xml:66:13-49
	android:name
		ADDED from src\main\AndroidManifest.xml:65:13-54
activity#com.immomo.momo.android.activity.UserGuiDeActivity
ADDED from src\main\AndroidManifest.xml:68:9-71:20
	android:screenOrientation
		ADDED from src\main\AndroidManifest.xml:70:13-49
	android:name
		ADDED from src\main\AndroidManifest.xml:69:13-55
activity#com.immomo.momo.android.activity.LoginActivity
ADDED from src\main\AndroidManifest.xml:72:9-75:20
	android:screenOrientation
		ADDED from src\main\AndroidManifest.xml:74:13-49
	android:name
		ADDED from src\main\AndroidManifest.xml:73:13-51
activity#com.immomo.momo.android.activity.FindPwdTabsActivity
ADDED from src\main\AndroidManifest.xml:76:9-79:20
	android:screenOrientation
		ADDED from src\main\AndroidManifest.xml:78:13-49
	android:name
		ADDED from src\main\AndroidManifest.xml:77:13-57
activity#com.immomo.momo.android.activity.FindPwdPhoneActivity
ADDED from src\main\AndroidManifest.xml:80:9-83:20
	android:screenOrientation
		ADDED from src\main\AndroidManifest.xml:82:13-49
	android:name
		ADDED from src\main\AndroidManifest.xml:81:13-58
activity#com.immomo.momo.android.activity.FindPwdEmailActivity
ADDED from src\main\AndroidManifest.xml:84:9-87:20
	android:screenOrientation
		ADDED from src\main\AndroidManifest.xml:86:13-49
	android:name
		ADDED from src\main\AndroidManifest.xml:85:13-58
activity#com.immomo.momo.android.activity.ResetPwdPhoneActivity
ADDED from src\main\AndroidManifest.xml:88:9-91:20
	android:screenOrientation
		ADDED from src\main\AndroidManifest.xml:90:13-49
	android:name
		ADDED from src\main\AndroidManifest.xml:89:13-59
activity#com.immomo.momo.android.activity.register.RegisterActivity
ADDED from src\main\AndroidManifest.xml:92:9-95:20
	android:screenOrientation
		ADDED from src\main\AndroidManifest.xml:94:13-49
	android:name
		ADDED from src\main\AndroidManifest.xml:93:13-63
activity#com.immomo.momo.android.activity.imagefactory.ImageFactoryActivity
ADDED from src\main\AndroidManifest.xml:96:9-99:20
	android:screenOrientation
		ADDED from src\main\AndroidManifest.xml:98:13-49
	android:name
		ADDED from src\main\AndroidManifest.xml:97:13-71
activity#com.immomo.momo.android.activity.maintabs.MainTabActivity
ADDED from src\main\AndroidManifest.xml:100:9-103:20
	android:screenOrientation
		ADDED from src\main\AndroidManifest.xml:102:13-49
	android:name
		ADDED from src\main\AndroidManifest.xml:101:13-62
activity#com.immomo.momo.android.activity.maintabs.NearByActivity
ADDED from src\main\AndroidManifest.xml:104:9-107:20
	android:screenOrientation
		ADDED from src\main\AndroidManifest.xml:106:13-49
	android:name
		ADDED from src\main\AndroidManifest.xml:105:13-61
activity#com.immomo.momo.android.activity.maintabs.NearByFeedsActivity
ADDED from src\main\AndroidManifest.xml:108:9-111:20
	android:screenOrientation
		ADDED from src\main\AndroidManifest.xml:110:13-49
	android:name
		ADDED from src\main\AndroidManifest.xml:109:13-66
activity#com.immomo.momo.android.activity.maintabs.SessionListActivity
ADDED from src\main\AndroidManifest.xml:112:9-115:20
	android:screenOrientation
		ADDED from src\main\AndroidManifest.xml:114:13-49
	android:name
		ADDED from src\main\AndroidManifest.xml:113:13-66
activity#com.immomo.momo.android.activity.maintabs.ContactTabsActivity
ADDED from src\main\AndroidManifest.xml:116:9-119:20
	android:screenOrientation
		ADDED from src\main\AndroidManifest.xml:118:13-49
	android:name
		ADDED from src\main\AndroidManifest.xml:117:13-66
activity#com.immomo.momo.android.activity.maintabs.UserSettingActivity
ADDED from src\main\AndroidManifest.xml:120:9-123:20
	android:screenOrientation
		ADDED from src\main\AndroidManifest.xml:122:13-49
	android:name
		ADDED from src\main\AndroidManifest.xml:121:13-66
activity#com.immomo.momo.android.activity.OtherProfileActivity
ADDED from src\main\AndroidManifest.xml:124:9-128:20
	android:screenOrientation
		ADDED from src\main\AndroidManifest.xml:127:13-49
	android:launchMode
		ADDED from src\main\AndroidManifest.xml:126:13-44
	android:name
		ADDED from src\main\AndroidManifest.xml:125:13-58
activity#com.immomo.momo.android.activity.ImageBrowserActivity
ADDED from src\main\AndroidManifest.xml:129:9-132:20
	android:screenOrientation
		ADDED from src\main\AndroidManifest.xml:131:13-49
	android:name
		ADDED from src\main\AndroidManifest.xml:130:13-58
activity#com.immomo.momo.android.activity.OtherFeedListActivity
ADDED from src\main\AndroidManifest.xml:133:9-136:20
	android:screenOrientation
		ADDED from src\main\AndroidManifest.xml:135:13-49
	android:name
		ADDED from src\main\AndroidManifest.xml:134:13-59
activity#com.immomo.momo.android.activity.FeedProfileActivity
ADDED from src\main\AndroidManifest.xml:137:9-141:20
	android:screenOrientation
		ADDED from src\main\AndroidManifest.xml:139:13-49
	android:windowSoftInputMode
		ADDED from src\main\AndroidManifest.xml:140:13-73
	android:name
		ADDED from src\main\AndroidManifest.xml:138:13-57
activity#com.immomo.momo.android.activity.message.ChatActivity
ADDED from src\main\AndroidManifest.xml:142:9-145:20
	android:screenOrientation
		ADDED from src\main\AndroidManifest.xml:144:13-49
	android:name
		ADDED from src\main\AndroidManifest.xml:143:13-58
service#com.baidu.location.f
ADDED from src\main\AndroidManifest.xml:147:9-155:19
	android:enabled
		ADDED from src\main\AndroidManifest.xml:149:13-35
	android:process
		ADDED from src\main\AndroidManifest.xml:150:13-38
	android:name
		ADDED from src\main\AndroidManifest.xml:148:13-48
intent-filter#com.baidu.location.service_v2.2
ADDED from src\main\AndroidManifest.xml:151:13-154:29
action#com.baidu.location.service_v2.2
ADDED from src\main\AndroidManifest.xml:152:17-153:26
	android:name
		ADDED from src\main\AndroidManifest.xml:152:25-71